<?xml version="1.0" encoding="UTF-8"?>
<testsuite name="be.ses.AppTest" tests="1" skipped="0" failures="0" errors="0" timestamp="2025-03-20T09:11:44.472Z" hostname="MacBookPro.telenet.be" time="0.002">
  <properties/>
  <testcase name="appHasAGreeting" classname="be.ses.AppTest" time="0.002"/>
  <system-out><![CDATA[]]></system-out>
  <system-err><![CDATA[]]></system-err>
</testsuite>
